<?xml version="1.0" encoding="UTF-8"?>
<!-- Generated by org.testng.reporters.JUnitXMLReporter -->
<testsuite hostname="EPRURYAW0655" name="Default test" tests="6" failures="0" timestamp="16 Feb 2018 07:30:50 GMT" time="4.933" errors="0">
  <testcase name="receivingOfDashboards" time="1.503" classname="epam.rest.utenkov.BaseTest"/>
  <testcase name="testCodeResponse" time="0.487" classname="epam.rest.utenkov.BaseTest"/>
  <testcase name="addDashboard" time="0.783" classname="epam.rest.utenkov.BaseTest"/>
  <testcase name="allLaunchs" time="0.881" classname="epam.rest.utenkov.BaseTest"/>
  <testcase name="testPutRequest" time="0.5" classname="epam.rest.utenkov.BaseTest"/>
  <testcase name="testDeleteRequest" time="0.504" classname="epam.rest.utenkov.BaseTest"/>
</testsuite> <!-- Default test -->
