<?xml version="1.0" encoding="UTF-8"?>
<!-- Generated by org.testng.reporters.JUnitXMLReporter -->
<testsuite hostname="EPRURYAW0655" ignored="0" name="Default test" tests="5" failures="0" timestamp="01 Mar 2018 09:28:30 GMT" time="5.906" errors="0">
  <testcase name="testCodeResponse" time="1.584" classname="epam.rest.utenkov.BaseTest"/>
  <testcase name="allLaunchs" time="1.337" classname="epam.rest.utenkov.LaunchTest"/>
  <testcase name="allLaunchs" time="0.78" classname="epam.rest.utenkov.LaunchTest"/>
  <testcase name="allLaunchs" time="0.73" classname="epam.rest.utenkov.LaunchTest"/>
  <testcase name="allLaunchsSecondTest" time="1.149" classname="epam.rest.utenkov.LaunchTest"/>
</testsuite> <!-- Default test -->
