<?xml version="1.0" encoding="UTF-8"?>
<!-- Generated by org.testng.reporters.JUnitXMLReporter -->
<testsuite hostname="EPRURYAW0655" ignored="0" name="Test" tests="7" failures="1" timestamp="19 Feb 2018 08:47:30 GMT" time="5.6" errors="0">
  <testcase name="testCodeResponse" time="1.18" classname="epam.rest.utenkov.BaseTest">
    <failure type="java.lang.AssertionError" message="expected [200] but found [401]">
      <![CDATA[java.lang.AssertionError: expected [200] but found [401]
	at epam.rest.utenkov.BaseTest.testCodeResponse(BaseTest.java:59)
... Removed 31 stack frames]]>
    </failure>
  </testcase> <!-- testCodeResponse -->
  <testcase name="addDashboard" time="1.031" classname="epam.rest.utenkov.BaseTest"/>
  <testcase name="receivingOfDashboards" time="0.522" classname="epam.rest.utenkov.BaseTest"/>
  <testcase name="allLaunchs" time="0.894" classname="epam.rest.utenkov.BaseTest"/>
  <testcase name="testPutRequest" time="0.512" classname="epam.rest.utenkov.BaseTest"/>
  <testcase name="testDeleteRequest" time="0.505" classname="epam.rest.utenkov.BaseTest"/>
  <testcase name="allLaunchsSecondTest" time="0.631" classname="epam.rest.utenkov.BaseTest"/>
</testsuite> <!-- Test -->
