<?xml version="1.0" encoding="UTF-8"?>
<!-- Generated by org.testng.reporters.JUnitXMLReporter -->
<testsuite hostname="EPRURYAW0655" ignored="0" name="Test" tests="7" failures="3" timestamp="21 Feb 2018 11:00:41 GMT" time="5.837" errors="0">
  <testcase name="testCodeResponse" time="1.59" classname="epam.rest.utenkov.BaseTest"/>
  <testcase name="addDashboard" time="0.216" classname="epam.rest.utenkov.BaseTest">
    <failure type="java.lang.NoSuchMethodError" message="com.fasterxml.jackson.annotation.JsonInclude$Value.merge(Lcom/fasterxml/jackson/annotation/JsonInclude$Value;Lcom/fasterxml/jackson/annotation/JsonInclude$Value;)Lcom/fasterxml/jackson/annotation/JsonInclude$Value;">
      <![CDATA[java.lang.NoSuchMethodError: com.fasterxml.jackson.annotation.JsonInclude$Value.merge(Lcom/fasterxml/jackson/annotation/JsonInclude$Value;Lcom/fasterxml/jackson/annotation/JsonInclude$Value;)Lcom/fasterxml/jackson/annotation/JsonInclude$Value;
	at com.fasterxml.jackson.databind.ser.PropertyBuilder.<init>(PropertyBuilder.java:64)
	at com.fasterxml.jackson.databind.ser.BeanSerializerFactory.constructPropertyBuilder(BeanSerializerFactory.java:541)
	at com.fasterxml.jackson.databind.ser.BeanSerializerFactory.findBeanProperties(BeanSerializerFactory.java:592)
	at com.fasterxml.jackson.databind.ser.BeanSerializerFactory.constructBeanSerializer(BeanSerializerFactory.java:399)
	at com.fasterxml.jackson.databind.ser.BeanSerializerFactory.findBeanSerializer(BeanSerializerFactory.java:282)
	at com.fasterxml.jackson.databind.ser.BeanSerializerFactory._createSerializer2(BeanSerializerFactory.java:234)
	at com.fasterxml.jackson.databind.ser.BeanSerializerFactory.createSerializer(BeanSerializerFactory.java:168)
	at com.fasterxml.jackson.databind.SerializerProvider._createUntypedSerializer(SerializerProvider.java:1308)
	at com.fasterxml.jackson.databind.SerializerProvider._createAndCacheUntypedSerializer(SerializerProvider.java:1258)
	at com.fasterxml.jackson.databind.SerializerProvider.findValueSerializer(SerializerProvider.java:500)
	at com.fasterxml.jackson.databind.SerializerProvider.findTypedValueSerializer(SerializerProvider.java:698)
	at com.fasterxml.jackson.databind.ser.DefaultSerializerProvider.serializeValue(DefaultSerializerProvider.java:270)
	at com.fasterxml.jackson.databind.ObjectMapper.writeValue(ObjectMapper.java:2493)
	at com.fasterxml.jackson.databind.ObjectMapper$writeValue$0.call(Unknown Source)
	at org.codehaus.groovy.runtime.callsite.CallSiteArray.defaultCall(CallSiteArray.java:48)
	at org.codehaus.groovy.runtime.callsite.AbstractCallSite.call(AbstractCallSite.java:113)
	at org.codehaus.groovy.runtime.callsite.AbstractCallSite.call(AbstractCallSite.java:133)
	at io.restassured.internal.mapping.Jackson2Mapper.serialize(Jackson2Mapper.groovy:53)
	at io.restassured.internal.mapping.Jackson2Mapper.serialize(Jackson2Mapper.groovy)
	at io.restassured.mapper.ObjectMapper$serialize.call(Unknown Source)
	at org.codehaus.groovy.runtime.callsite.CallSiteArray.defaultCall(CallSiteArray.java:48)
	at org.codehaus.groovy.runtime.callsite.AbstractCallSite.call(AbstractCallSite.java:113)
	at org.codehaus.groovy.runtime.callsite.AbstractCallSite.call(AbstractCallSite.java:125)
	at io.restassured.internal.mapping.ObjectMapping.serializeWithJackson2(ObjectMapping.groovy:181)
	at org.codehaus.groovy.runtime.callsite.StaticMetaMethodSite$StaticMetaMethodSiteNoUnwrapNoCoerce.invoke(StaticMetaMethodSite.java:151)
	at org.codehaus.groovy.runtime.callsite.StaticMetaMethodSite.callStatic(StaticMetaMethodSite.java:102)
	at org.codehaus.groovy.runtime.callsite.CallSiteArray.defaultCallStatic(CallSiteArray.java:56)
	at org.codehaus.groovy.runtime.callsite.AbstractCallSite.callStatic(AbstractCallSite.java:194)
	at org.codehaus.groovy.runtime.callsite.AbstractCallSite.callStatic(AbstractCallSite.java:214)
	at io.restassured.internal.mapping.ObjectMapping.serialize(ObjectMapping.groovy:117)
	at io.restassured.internal.mapping.ObjectMapping$serialize.call(Unknown Source)
	at org.codehaus.groovy.runtime.callsite.CallSiteArray.defaultCall(CallSiteArray.java:48)
	at org.codehaus.groovy.runtime.callsite.AbstractCallSite.call(AbstractCallSite.java:113)
	at io.restassured.internal.RequestSpecificationImpl.body(RequestSpecificationImpl.groovy:831)
	at epam.rest.utenkov.BaseTest.addDashboard(BaseTest.java:57)
... Removed 30 stack frames]]>
    </failure>
  </testcase> <!-- addDashboard -->
  <testcase name="receivingOfDashboards" time="0.719" classname="epam.rest.utenkov.BaseTest"/>
  <testcase name="allLaunchs" time="1.441" classname="epam.rest.utenkov.BaseTest"/>
  <testcase name="testPutRequest" time="0.003" classname="epam.rest.utenkov.BaseTest">
    <failure type="java.lang.NoSuchMethodError" message="com.fasterxml.jackson.annotation.JsonInclude$Value.merge(Lcom/fasterxml/jackson/annotation/JsonInclude$Value;Lcom/fasterxml/jackson/annotation/JsonInclude$Value;)Lcom/fasterxml/jackson/annotation/JsonInclude$Value;">
      <![CDATA[java.lang.NoSuchMethodError: com.fasterxml.jackson.annotation.JsonInclude$Value.merge(Lcom/fasterxml/jackson/annotation/JsonInclude$Value;Lcom/fasterxml/jackson/annotation/JsonInclude$Value;)Lcom/fasterxml/jackson/annotation/JsonInclude$Value;
	at com.fasterxml.jackson.databind.ser.PropertyBuilder.<init>(PropertyBuilder.java:64)
	at com.fasterxml.jackson.databind.ser.BeanSerializerFactory.constructPropertyBuilder(BeanSerializerFactory.java:541)
	at com.fasterxml.jackson.databind.ser.BeanSerializerFactory.findBeanProperties(BeanSerializerFactory.java:592)
	at com.fasterxml.jackson.databind.ser.BeanSerializerFactory.constructBeanSerializer(BeanSerializerFactory.java:399)
	at com.fasterxml.jackson.databind.ser.BeanSerializerFactory.findBeanSerializer(BeanSerializerFactory.java:282)
	at com.fasterxml.jackson.databind.ser.BeanSerializerFactory._createSerializer2(BeanSerializerFactory.java:234)
	at com.fasterxml.jackson.databind.ser.BeanSerializerFactory.createSerializer(BeanSerializerFactory.java:168)
	at com.fasterxml.jackson.databind.SerializerProvider._createUntypedSerializer(SerializerProvider.java:1308)
	at com.fasterxml.jackson.databind.SerializerProvider._createAndCacheUntypedSerializer(SerializerProvider.java:1258)
	at com.fasterxml.jackson.databind.SerializerProvider.findValueSerializer(SerializerProvider.java:500)
	at com.fasterxml.jackson.databind.SerializerProvider.findTypedValueSerializer(SerializerProvider.java:698)
	at com.fasterxml.jackson.databind.ser.DefaultSerializerProvider.serializeValue(DefaultSerializerProvider.java:270)
	at com.fasterxml.jackson.databind.ObjectMapper.writeValue(ObjectMapper.java:2493)
	at com.fasterxml.jackson.databind.ObjectMapper$writeValue$0.call(Unknown Source)
	at io.restassured.internal.mapping.Jackson2Mapper.serialize(Jackson2Mapper.groovy:53)
	at io.restassured.internal.mapping.Jackson2Mapper.serialize(Jackson2Mapper.groovy)
	at io.restassured.mapper.ObjectMapper$serialize.call(Unknown Source)
	at io.restassured.internal.mapping.ObjectMapping.serializeWithJackson2(ObjectMapping.groovy:181)
	at org.codehaus.groovy.runtime.callsite.StaticMetaMethodSite$StaticMetaMethodSiteNoUnwrapNoCoerce.invoke(StaticMetaMethodSite.java:151)
	at org.codehaus.groovy.runtime.callsite.StaticMetaMethodSite.callStatic(StaticMetaMethodSite.java:102)
	at org.codehaus.groovy.runtime.callsite.AbstractCallSite.callStatic(AbstractCallSite.java:214)
	at io.restassured.internal.mapping.ObjectMapping.serialize(ObjectMapping.groovy:117)
	at io.restassured.internal.mapping.ObjectMapping$serialize.call(Unknown Source)
	at io.restassured.internal.RequestSpecificationImpl.body(RequestSpecificationImpl.groovy:831)
	at epam.rest.utenkov.BaseTest.testPutRequest(BaseTest.java:133)
... Removed 30 stack frames]]>
    </failure>
  </testcase> <!-- testPutRequest -->
  <testcase name="testDeleteRequest" time="0.732" classname="epam.rest.utenkov.BaseTest">
    <failure type="java.lang.AssertionError" message="1 expectation failed.
Expected status code &amp;lt;200&amp;gt; but was &amp;lt;405&amp;gt;.
">
      <![CDATA[java.lang.AssertionError: 1 expectation failed.
Expected status code <200> but was <405>.

	at org.codehaus.groovy.runtime.callsite.ConstructorSite$ConstructorSiteNoUnwrap.callConstructor(ConstructorSite.java:84)
	at org.codehaus.groovy.runtime.callsite.CallSiteArray.defaultCallConstructor(CallSiteArray.java:60)
	at org.codehaus.groovy.runtime.callsite.AbstractCallSite.callConstructor(AbstractCallSite.java:235)
	at org.codehaus.groovy.runtime.callsite.AbstractCallSite.callConstructor(AbstractCallSite.java:247)
	at io.restassured.internal.ResponseSpecificationImpl$HamcrestAssertionClosure.validate(ResponseSpecificationImpl.groovy:471)
	at io.restassured.internal.ResponseSpecificationImpl$HamcrestAssertionClosure$validate$1.call(Unknown Source)
	at io.restassured.internal.ResponseSpecificationImpl.validateResponseIfRequired(ResponseSpecificationImpl.groovy:643)
	at org.codehaus.groovy.runtime.callsite.PogoMetaMethodSite$PogoCachedMethodSiteNoUnwrapNoCoerce.invoke(PogoMetaMethodSite.java:210)
	at org.codehaus.groovy.runtime.callsite.PogoMetaMethodSite.callCurrent(PogoMetaMethodSite.java:59)
	at org.codehaus.groovy.runtime.callsite.AbstractCallSite.callCurrent(AbstractCallSite.java:166)
	at io.restassured.internal.ResponseSpecificationImpl.statusCode(ResponseSpecificationImpl.groovy:122)
	at io.restassured.specification.ResponseSpecification$statusCode$0.callCurrent(Unknown Source)
	at io.restassured.internal.ResponseSpecificationImpl.statusCode(ResponseSpecificationImpl.groovy:130)
	at io.restassured.internal.ValidatableResponseOptionsImpl.statusCode(ValidatableResponseOptionsImpl.java:117)
	at epam.rest.utenkov.BaseTest.testDeleteRequest(BaseTest.java:152)
... Removed 35 stack frames]]>
    </failure>
  </testcase> <!-- testDeleteRequest -->
  <testcase name="allLaunchsSecondTest" time="0.851" classname="epam.rest.utenkov.BaseTest"/>
</testsuite> <!-- Test -->
