<?xml version="1.0" encoding="UTF-8"?>
<testsuite xmlns:xsi="http://www.w3.org/2001/XMLSchema-instance" xsi:noNamespaceSchemaLocation="https://maven.apache.org/surefire/maven-surefire-plugin/xsd/surefire-test-report.xsd" name="TestSuite" time="6.25" tests="10" errors="0" skipped="1" failures="5">
  <properties>
    <property name="java.runtime.name" value="Java(TM) SE Runtime Environment"/>
    <property name="sun.boot.library.path" value="C:\Program Files\Java\jre1.8.0_161\bin"/>
    <property name="java.vm.version" value="25.161-b12"/>
    <property name="java.vm.vendor" value="Oracle Corporation"/>
    <property name="maven.multiModuleProjectDirectory" value="C:\Users\Vyacheslav_Utenkov\eclipse-workspace\RestAssuredTest"/>
    <property name="java.vendor.url" value="http://java.oracle.com/"/>
    <property name="path.separator" value=";"/>
    <property name="guice.disable.misplaced.annotation.check" value="true"/>
    <property name="java.vm.name" value="Java HotSpot(TM) 64-Bit Server VM"/>
    <property name="file.encoding.pkg" value="sun.io"/>
    <property name="user.script" value=""/>
    <property name="user.country" value="US"/>
    <property name="sun.java.launcher" value="SUN_STANDARD"/>
    <property name="sun.os.patch.level" value=""/>
    <property name="java.vm.specification.name" value="Java Virtual Machine Specification"/>
    <property name="user.dir" value="C:\Users\Vyacheslav_Utenkov\eclipse-workspace\RestAssuredTest"/>
    <property name="java.runtime.version" value="1.8.0_161-b12"/>
    <property name="java.awt.graphicsenv" value="sun.awt.Win32GraphicsEnvironment"/>
    <property name="java.endorsed.dirs" value="C:\Program Files\Java\jre1.8.0_161\lib\endorsed"/>
    <property name="os.arch" value="amd64"/>
    <property name="java.io.tmpdir" value="C:\Users\VYACHE~1\AppData\Local\Temp\"/>
    <property name="line.separator" value="&#10;"/>
    <property name="java.vm.specification.vendor" value="Oracle Corporation"/>
    <property name="user.variant" value=""/>
    <property name="os.name" value="Windows 10"/>
    <property name="classworlds.conf" value="C:\Users\Vyacheslav_Utenkov\eclipse-workspace\.metadata\.plugins\org.eclipse.m2e.launching\launches\m2conf9370398485870331.tmp"/>
    <property name="sun.jnu.encoding" value="Cp1251"/>
    <property name="java.library.path" value="C:\Program Files\Java\jre1.8.0_161\bin;C:\WINDOWS\Sun\Java\bin;C:\WINDOWS\system32;C:\WINDOWS;C:/Program Files/Java/jre1.8.0_161/bin/server;C:/Program Files/Java/jre1.8.0_161/bin;C:/Program Files/Java/jre1.8.0_161/lib/amd64;C:\ProgramData\Oracle\Java\javapath;C:\WINDOWS\system32;C:\WINDOWS;C:\WINDOWS\System32\Wbem;C:\WINDOWS\System32\WindowsPowerShell\v1.0\;C:\Program Files\TortoiseSVN\bin;C:\Program Files\Git\cmd;C:\Users\Vyacheslav_Utenkov\AppData\Local\Microsoft\WindowsApps;C:\Program Files\Maven\apache-maven-3.5.2\bin;C:\Program Files\Java\jdk1.8.0_161\bin;C:\Users\Vyacheslav_Utenkov\.m2\repository\junit\junit\4.10;;C:\Users\Vyacheslav_Utenkov\Desktop;;."/>
    <property name="java.specification.name" value="Java Platform API Specification"/>
    <property name="java.class.version" value="52.0"/>
    <property name="sun.management.compiler" value="HotSpot 64-Bit Tiered Compilers"/>
    <property name="os.version" value="10.0"/>
    <property name="user.home" value="C:\Users\Vyacheslav_Utenkov"/>
    <property name="user.timezone" value="Europe/Moscow"/>
    <property name="java.awt.printerjob" value="sun.awt.windows.WPrinterJob"/>
    <property name="java.specification.version" value="1.8"/>
    <property name="file.encoding" value="Cp1251"/>
    <property name="user.name" value="Vyacheslav_Utenkov"/>
    <property name="java.class.path" value="C:\Users\Vyacheslav_Utenkov\.p2\pool\plugins\org.eclipse.m2e.maven.runtime_1.8.2.20171007-0216\jars\plexus-classworlds-2.5.2.jar"/>
    <property name="java.vm.specification.version" value="1.8"/>
    <property name="sun.arch.data.model" value="64"/>
    <property name="java.home" value="C:\Program Files\Java\jre1.8.0_161"/>
    <property name="sun.java.command" value="org.codehaus.plexus.classworlds.launcher.Launcher -B test"/>
    <property name="java.specification.vendor" value="Oracle Corporation"/>
    <property name="user.language" value="en"/>
    <property name="awt.toolkit" value="sun.awt.windows.WToolkit"/>
    <property name="java.vm.info" value="mixed mode"/>
    <property name="java.version" value="1.8.0_161"/>
    <property name="java.ext.dirs" value="C:\Program Files\Java\jre1.8.0_161\lib\ext;C:\WINDOWS\Sun\Java\lib\ext"/>
    <property name="sun.boot.class.path" value="C:\Program Files\Java\jre1.8.0_161\lib\resources.jar;C:\Program Files\Java\jre1.8.0_161\lib\rt.jar;C:\Program Files\Java\jre1.8.0_161\lib\sunrsasign.jar;C:\Program Files\Java\jre1.8.0_161\lib\jsse.jar;C:\Program Files\Java\jre1.8.0_161\lib\jce.jar;C:\Program Files\Java\jre1.8.0_161\lib\charsets.jar;C:\Program Files\Java\jre1.8.0_161\lib\jfr.jar;C:\Program Files\Java\jre1.8.0_161\classes"/>
    <property name="java.vendor" value="Oracle Corporation"/>
    <property name="maven.home" value="C:\Users\Vyacheslav_Utenkov\eclipse-workspace\RestAssuredTest\EMBEDDED"/>
    <property name="file.separator" value="\"/>
    <property name="java.vendor.url.bug" value="http://bugreport.sun.com/bugreport/"/>
    <property name="sun.cpu.endian" value="little"/>
    <property name="sun.io.unicode.encoding" value="UnicodeLittle"/>
    <property name="sun.desktop" value="windows"/>
    <property name="sun.cpu.isalist" value="amd64"/>
  </properties>
  <testcase name="testCodeResponse" classname="epam.rest.utenkov.BaseTest" time="1.54"/>
  <testcase name="testGetLaunches" classname="epam.rest.utenkov.RequestSpecTest" time="0"/>
  <testcase name="requestSpec" classname="epam.rest.utenkov.ResponseSpecTest" time="0.006">
    <failure type="java.lang.NullPointerException">java.lang.NullPointerException
	at epam.rest.utenkov.ResponseSpecTest.requestSpec(ResponseSpecTest.java:27)
</failure>
  </testcase>
  <testcase name="testStatusCodeRestAssured" classname="epam.rest.utenkov.ResponseSpecTest" time="0">
    <skipped/>
  </testcase>
  <testcase name="addDashboard" classname="epam.rest.utenkov.BaseTest" time="0.275">
    <failure message="com.fasterxml.jackson.annotation.JsonInclude$Value.merge(Lcom/fasterxml/jackson/annotation/JsonInclude$Value;Lcom/fasterxml/jackson/annotation/JsonInclude$Value;)Lcom/fasterxml/jackson/annotation/JsonInclude$Value;" type="java.lang.NoSuchMethodError">java.lang.NoSuchMethodError: com.fasterxml.jackson.annotation.JsonInclude$Value.merge(Lcom/fasterxml/jackson/annotation/JsonInclude$Value;Lcom/fasterxml/jackson/annotation/JsonInclude$Value;)Lcom/fasterxml/jackson/annotation/JsonInclude$Value;
	at epam.rest.utenkov.BaseTest.addDashboard(BaseTest.java:66)
</failure>
    <system-out><![CDATA[[11:36:36] INFO(epam.rest.utenkov.BaseTest.addDashboard#62)
start mathod [addDashboard]
]]></system-out>
  </testcase>
  <testcase name="receivingOfDashboards" classname="epam.rest.utenkov.BaseTest" time="0.725">
    <failure message="com/fasterxml/jackson/annotation/JsonIgnoreProperties$Value" type="java.lang.NoClassDefFoundError">java.lang.NoClassDefFoundError: com/fasterxml/jackson/annotation/JsonIgnoreProperties$Value
	at epam.rest.utenkov.BaseTest.receivingOfDashboards(BaseTest.java:91)
Caused by: java.lang.ClassNotFoundException: com.fasterxml.jackson.annotation.JsonIgnoreProperties$Value
	at epam.rest.utenkov.BaseTest.receivingOfDashboards(BaseTest.java:91)
</failure>
    <system-out><![CDATA[[11:36:36] INFO(epam.rest.utenkov.BaseTest.receivingOfDashboards#82)

********************
start mathod [receivingOfDashboards]
********************
]]></system-out>
  </testcase>
  <testcase name="allLaunchs" classname="epam.rest.utenkov.BaseTest" time="1.462"/>
  <testcase name="testPutRequest" classname="epam.rest.utenkov.BaseTest" time="0.002">
    <failure message="com.fasterxml.jackson.annotation.JsonInclude$Value.merge(Lcom/fasterxml/jackson/annotation/JsonInclude$Value;Lcom/fasterxml/jackson/annotation/JsonInclude$Value;)Lcom/fasterxml/jackson/annotation/JsonInclude$Value;" type="java.lang.NoSuchMethodError">java.lang.NoSuchMethodError: com.fasterxml.jackson.annotation.JsonInclude$Value.merge(Lcom/fasterxml/jackson/annotation/JsonInclude$Value;Lcom/fasterxml/jackson/annotation/JsonInclude$Value;)Lcom/fasterxml/jackson/annotation/JsonInclude$Value;
	at epam.rest.utenkov.BaseTest.testPutRequest(BaseTest.java:148)
</failure>
    <system-out><![CDATA[[11:36:38] INFO(epam.rest.utenkov.BaseTest.testPutRequest#144)
start mathod [testPutRequest]
]]></system-out>
  </testcase>
  <testcase name="testDeleteRequest" classname="epam.rest.utenkov.BaseTest" time="0.745">
    <failure message="1 expectation failed.&#10;Expected status code &lt;200&gt; but was &lt;405&gt;.&#10;" type="java.lang.AssertionError"><![CDATA[java.lang.AssertionError: 
1 expectation failed.
Expected status code <200> but was <405>.

	at epam.rest.utenkov.BaseTest.testDeleteRequest(BaseTest.java:167)
]]></failure>
    <system-out><![CDATA[[11:36:38] INFO(epam.rest.utenkov.BaseTest.testDeleteRequest#161)
start mathod [testDeleteRequest]
]]></system-out>
  </testcase>
  <testcase name="allLaunchsSecondTest" classname="epam.rest.utenkov.BaseTest" time="0.848"/>
</testsuite>