<?xml version="1.0" encoding="UTF-8"?>
<testsuite xmlns:xsi="http://www.w3.org/2001/XMLSchema-instance" xsi:noNamespaceSchemaLocation="https://maven.apache.org/surefire/maven-surefire-plugin/xsd/surefire-test-report.xsd" name="TestSuite" time="6.25" tests="10" errors="0" skipped="1" failures="5">
  <properties>
[...]
</properties>
  <testcase name="testCodeResponse" classname="epam.rest.utenkov.BaseTest" time="1.54"/>
  <testcase name="testGetLaunches" classname="epam.rest.utenkov.RequestSpecTest" time="0"/>
  <testcase name="requestSpec" classname="epam.rest.utenkov.ResponseSpecTest" time="0.006">
    <failure type="java.lang.NullPointerException">java.lang.NullPointerException
	at epam.rest.utenkov.ResponseSpecTest.requestSpec(ResponseSpecTest.java:27)
</failure>
  </testcase>
  <testcase name="testStatusCodeRestAssured" classname="epam.rest.utenkov.ResponseSpecTest" time="0">
    <skipped/>
  </testcase>
  <testcase name="addDashboard" classname="epam.rest.utenkov.BaseTest" time="0.275">
    <failure message="com.fasterxml.jackson.annotation.JsonInclude$Value.merge(Lcom/fasterxml/jackson/annotation/JsonInclude$Value;Lcom/fasterxml/jackson/annotation/JsonInclude$Value;)Lcom/fasterxml/jackson/annotation/JsonInclude$Value;" type="java.lang.NoSuchMethodError">java.lang.NoSuchMethodError: com.fasterxml.jackson.annotation.JsonInclude$Value.merge(Lcom/fasterxml/jackson/annotation/JsonInclude$Value;Lcom/fasterxml/jackson/annotation/JsonInclude$Value;)Lcom/fasterxml/jackson/annotation/JsonInclude$Value;
	at epam.rest.utenkov.BaseTest.addDashboard(BaseTest.java:66)
</failure>
    <system-out><![CDATA[[11:36:36] INFO(epam.rest.utenkov.BaseTest.addDashboard#62)
start mathod [addDashboard]
]]></system-out>
  </testcase>
  <testcase name="receivingOfDashboards" classname="epam.rest.utenkov.BaseTest" time="0.725">
    <failure message="com/fasterxml/jackson/annotation/JsonIgnoreProperties$Value" type="java.lang.NoClassDefFoundError">java.lang.NoClassDefFoundError: com/fasterxml/jackson/annotation/JsonIgnoreProperties$Value
	at epam.rest.utenkov.BaseTest.receivingOfDashboards(BaseTest.java:91)
Caused by: java.lang.ClassNotFoundException: com.fasterxml.jackson.annotation.JsonIgnoreProperties$Value
	at epam.rest.utenkov.BaseTest.receivingOfDashboards(BaseTest.java:91)
</failure>
    <system-out><![CDATA[[11:36:36] INFO(epam.rest.utenkov.BaseTest.receivingOfDashboards#82)

********************
start mathod [receivingOfDashboards]
********************
]]></system-out>
  </testcase>
  <testcase name="allLaunchs" classname="epam.rest.utenkov.BaseTest" time="1.462"/>
  <testcase name="testPutRequest" classname="epam.rest.utenkov.BaseTest" time="0.002">
    <failure message="com.fasterxml.jackson.annotation.JsonInclude$Value.merge(Lcom/fasterxml/jackson/annotation/JsonInclude$Value;Lcom/fasterxml/jackson/annotation/JsonInclude$Value;)Lcom/fasterxml/jackson/annotation/JsonInclude$Value;" type="java.lang.NoSuchMethodError">java.lang.NoSuchMethodError: com.fasterxml.jackson.annotation.JsonInclude$Value.merge(Lcom/fasterxml/jackson/annotation/JsonInclude$Value;Lcom/fasterxml/jackson/annotation/JsonInclude$Value;)Lcom/fasterxml/jackson/annotation/JsonInclude$Value;
	at epam.rest.utenkov.BaseTest.testPutRequest(BaseTest.java:148)
</failure>
    <system-out><![CDATA[[11:36:38] INFO(epam.rest.utenkov.BaseTest.testPutRequest#144)
start mathod [testPutRequest]
]]></system-out>
  </testcase>
  <testcase name="testDeleteRequest" classname="epam.rest.utenkov.BaseTest" time="0.745">
    <failure message="1 expectation failed.&#10;Expected status code &lt;200&gt; but was &lt;405&gt;.&#10;" type="java.lang.AssertionError"><![CDATA[java.lang.AssertionError: 
1 expectation failed.
Expected status code <200> but was <405>.

	at epam.rest.utenkov.BaseTest.testDeleteRequest(BaseTest.java:167)
]]></failure>
    <system-out><![CDATA[[11:36:38] INFO(epam.rest.utenkov.BaseTest.testDeleteRequest#161)
start mathod [testDeleteRequest]
]]></system-out>
  </testcase>
  <testcase name="allLaunchsSecondTest" classname="epam.rest.utenkov.BaseTest" time="0.848"/>
</testsuite>