<?xml version="1.0" encoding="UTF-8"?>
<testng-results skipped="0" failed="1" ignored="0" total="7" passed="6">
  <reporter-output>
    <line>
      <![CDATA[ReportingAppender:  INFO    BaseTest#  52: start mathod [testCodeResponse]<br>]]>
    </line>
    <line>
      <![CDATA[ReportingAppender:  INFO    BaseTest#  65: start mathod [addDashboard]<br>]]>
    </line>
    <line>
      <![CDATA[ReportingAppender:  INFO    BaseTest#  79: ID of added dashboard: 5a8a8f1fb9d821000127f99f<br>]]>
    </line>
    <line>
      <![CDATA[ReportingAppender:  INFO    BaseTest#  80: end mathod [addDashboard]<br>]]>
    </line>
    <line>
      <![CDATA[ReportingAppender:  INFO    BaseTest#  85: <br>********************<br>start mathod [receivingOfDashboards]<br>********************<br>]]>
    </line>
    <line>
      <![CDATA[ReportingAppender:  INFO    BaseTest#  97: Name is: DEMO DASHBOARD#RestAssured<br>Owner is: vyacheslav_utenkov<br>ID is: 5a757f4530c49e000171b2aa<br>]]>
    </line>
    <line>
      <![CDATA[ReportingAppender:  INFO    BaseTest#  99: Widgets [widgetPosition = [Ljava.lang.String;@2fc07784, widgetSize = [Ljava.lang.String;@353efdbf, widgetId = 5a757f4530c49e000171b2a1]<br>]]>
    </line>
    <line>
      <![CDATA[ReportingAppender:  INFO    BaseTest#  99: Widgets [widgetPosition = [Ljava.lang.String;@55cff952, widgetSize = [Ljava.lang.String;@660591fb, widgetId = 5a757f4530c49e000171b2a2]<br>]]>
    </line>
    <line>
      <![CDATA[ReportingAppender:  INFO    BaseTest#  99: Widgets [widgetPosition = [Ljava.lang.String;@4a55a6e8, widgetSize = [Ljava.lang.String;@8c46918, widgetId = 5a757f4530c49e000171b2a3]<br>]]>
    </line>
    <line>
      <![CDATA[ReportingAppender:  INFO    BaseTest#  99: Widgets [widgetPosition = [Ljava.lang.String;@226b143b, widgetSize = [Ljava.lang.String;@682bd3c4, widgetId = 5a757f4530c49e000171b2a4]<br>]]>
    </line>
    <line>
      <![CDATA[ReportingAppender:  INFO    BaseTest#  99: Widgets [widgetPosition = [Ljava.lang.String;@f2e4acf, widgetSize = [Ljava.lang.String;@24097e9b, widgetId = 5a757f4530c49e000171b2a5]<br>]]>
    </line>
    <line>
      <![CDATA[ReportingAppender:  INFO    BaseTest#  99: Widgets [widgetPosition = [Ljava.lang.String;@5eb97ced, widgetSize = [Ljava.lang.String;@68ba310d, widgetId = 5a757f4530c49e000171b2a6]<br>]]>
    </line>
    <line>
      <![CDATA[ReportingAppender:  INFO    BaseTest#  99: Widgets [widgetPosition = [Ljava.lang.String;@153f66e7, widgetSize = [Ljava.lang.String;@7aad3f7d, widgetId = 5a757f4530c49e000171b2a7]<br>]]>
    </line>
    <line>
      <![CDATA[ReportingAppender:  INFO    BaseTest#  99: Widgets [widgetPosition = [Ljava.lang.String;@6f667ad1, widgetSize = [Ljava.lang.String;@566d0c69, widgetId = 5a757f4530c49e000171b2a8]<br>]]>
    </line>
    <line>
      <![CDATA[ReportingAppender:  INFO    BaseTest#  99: Widgets [widgetPosition = [Ljava.lang.String;@388b401d, widgetSize = [Ljava.lang.String;@2bcec6a6, widgetId = 5a757f4530c49e000171b2a9]<br>]]>
    </line>
    <line>
      <![CDATA[ReportingAppender:  INFO    BaseTest#  99: Widgets [widgetPosition = [Ljava.lang.String;@151335cb, widgetSize = [Ljava.lang.String;@4a7761b1, widgetId = 5a868af7b9d821000154de2e]<br>]]>
    </line>
    <line>
      <![CDATA[ReportingAppender:  INFO    BaseTest#  97: Name is: NoName<br>Owner is: vyacheslav_utenkov<br>ID is: 5a8a8f1fb9d821000127f99f<br>]]>
    </line>
    <line>
      <![CDATA[ReportingAppender:  INFO    BaseTest# 103: end mathod [receivingOfDashboards]<br>]]>
    </line>
    <line>
      <![CDATA[ReportingAppender:  INFO    BaseTest# 109: start mathod [allLaunchs]<br>]]>
    </line>
    <line>
      <![CDATA[ReportingAppender:  INFO    BaseTest# 138: 5a757f1330c49e0001714840<br> Total: 42<br>]]>
    </line>
    <line>
      <![CDATA[ReportingAppender:  INFO    BaseTest# 138: 5a757f1530c49e0001714c94<br> Total: 76<br>]]>
    </line>
    <line>
      <![CDATA[ReportingAppender:  INFO    BaseTest# 138: 5a757f1a30c49e00017155db<br> Total: 119<br>]]>
    </line>
    <line>
      <![CDATA[ReportingAppender:  INFO    BaseTest# 138: 5a757f2030c49e0001716304<br> Total: 131<br>]]>
    </line>
    <line>
      <![CDATA[ReportingAppender:  INFO    BaseTest# 138: 5a757f2730c49e0001717229<br> Total: 133<br>]]>
    </line>
    <line>
      <![CDATA[ReportingAppender:  INFO    BaseTest# 138: 5a757f2e30c49e0001718277<br> Total: 135<br>]]>
    </line>
    <line>
      <![CDATA[ReportingAppender:  INFO    BaseTest# 138: 5a757f3630c49e0001719210<br> Total: 137<br>]]>
    </line>
    <line>
      <![CDATA[ReportingAppender:  INFO    BaseTest# 138: 5a757f3e30c49e000171a22c<br> Total: 138<br>]]>
    </line>
    <line>
      <![CDATA[ReportingAppender:  INFO    BaseTest# 141: Num Of Failed Launches: 8<br>=============================<br>]]>
    </line>
    <line>
      <![CDATA[ReportingAppender:  INFO    BaseTest# 142: end mathod [allLaunchs]<br>]]>
    </line>
    <line>
      <![CDATA[ReportingAppender:  INFO    BaseTest# 147: start mathod [testPutRequest]<br>]]>
    </line>
    <line>
      <![CDATA[ReportingAppender:  INFO    BaseTest# 159: start mathod [testPutRequest]<br>]]>
    </line>
    <line>
      <![CDATA[ReportingAppender:  INFO    BaseTest# 164: start mathod [testDeleteRequest]<br>]]>
    </line>
    <line>
      <![CDATA[ReportingAppender:  INFO    BaseTest# 172: INFO: Dasboard 5a8a8f1fb9d821000127f99f is deleted<br>]]>
    </line>
    <line>
      <![CDATA[ReportingAppender:  INFO    BaseTest# 174: end mathod [testDeleteRequest]<br>]]>
    </line>
    <line>
      <![CDATA[ReportingAppender:  INFO    BaseTest# 180: start mathod [allLaunchsSecondTest]<br>]]>
    </line>
    <line>
      <![CDATA[ReportingAppender:  INFO    BaseTest# 197: 5a757f1130c49e00017145f9<br>]]>
    </line>
    <line>
      <![CDATA[ReportingAppender:  INFO    BaseTest# 197: 5a757f3e30c49e000171a22c<br>]]>
    </line>
    <line>
      <![CDATA[ReportingAppender:  INFO    BaseTest# 201: end mathod [allLaunchsSecondTest]<br>]]>
    </line>
  </reporter-output>
  <suite name="Suite" duration-ms="5600" started-at="2018-02-19T08:47:25Z" finished-at="2018-02-19T08:47:30Z">
    <groups>
    </groups>
    <test name="Test" duration-ms="5600" started-at="2018-02-19T08:47:25Z" finished-at="2018-02-19T08:47:30Z">
      <class name="epam.rest.utenkov.BaseTest">
        <test-method status="PASS" signature="setBasicData()[pri:0, instance:epam.rest.utenkov.BaseTest@10bdf5e5]" name="setBasicData" is-config="true" duration-ms="303" started-at="2018-02-19T11:47:25Z" finished-at="2018-02-19T11:47:25Z">
          <reporter-output>
          </reporter-output>
        </test-method> <!-- setBasicData -->
        <test-method status="FAIL" signature="testCodeResponse()[pri:0, instance:epam.rest.utenkov.BaseTest@10bdf5e5]" name="testCodeResponse" duration-ms="1180" started-at="2018-02-19T11:47:25Z" finished-at="2018-02-19T11:47:26Z">
          <exception class="java.lang.AssertionError">
            <message>
              <![CDATA[expected [200] but found [401]]]>
            </message>
            <full-stacktrace>
              <![CDATA[java.lang.AssertionError: expected [200] but found [401]
	at org.testng.Assert.fail(Assert.java:94)
	at org.testng.Assert.failNotEquals(Assert.java:513)
	at org.testng.Assert.assertEqualsImpl(Assert.java:135)
	at org.testng.Assert.assertEquals(Assert.java:116)
	at org.testng.Assert.assertEquals(Assert.java:389)
	at org.testng.Assert.assertEquals(Assert.java:399)
	at epam.rest.utenkov.BaseTest.testCodeResponse(BaseTest.java:59)
	at sun.reflect.NativeMethodAccessorImpl.invoke0(Native Method)
	at sun.reflect.NativeMethodAccessorImpl.invoke(Unknown Source)
	at sun.reflect.DelegatingMethodAccessorImpl.invoke(Unknown Source)
	at java.lang.reflect.Method.invoke(Unknown Source)
	at org.testng.internal.MethodInvocationHelper.invokeMethod(MethodInvocationHelper.java:104)
	at org.testng.internal.Invoker.invokeMethod(Invoker.java:645)
	at org.testng.internal.Invoker.invokeTestMethod(Invoker.java:851)
	at org.testng.internal.Invoker.invokeTestMethods(Invoker.java:1177)
	at org.testng.internal.TestMethodWorker.invokeTestMethods(TestMethodWorker.java:129)
	at org.testng.internal.TestMethodWorker.run(TestMethodWorker.java:112)
	at org.testng.TestRunner.privateRun(TestRunner.java:756)
	at org.testng.TestRunner.run(TestRunner.java:610)
	at org.testng.SuiteRunner.runTest(SuiteRunner.java:387)
	at org.testng.SuiteRunner.runSequentially(SuiteRunner.java:382)
	at org.testng.SuiteRunner.privateRun(SuiteRunner.java:340)
	at org.testng.SuiteRunner.run(SuiteRunner.java:289)
	at org.testng.SuiteRunnerWorker.runSuite(SuiteRunnerWorker.java:52)
	at org.testng.SuiteRunnerWorker.run(SuiteRunnerWorker.java:86)
	at org.testng.TestNG.runSuitesSequentially(TestNG.java:1293)
	at org.testng.TestNG.runSuitesLocally(TestNG.java:1218)
	at org.testng.TestNG.runSuites(TestNG.java:1133)
	at org.testng.TestNG.run(TestNG.java:1104)
	at org.testng.remote.AbstractRemoteTestNG.run(AbstractRemoteTestNG.java:114)
	at org.testng.remote.RemoteTestNG.initAndRun(RemoteTestNG.java:251)
	at org.testng.remote.RemoteTestNG.main(RemoteTestNG.java:77)
]]>
            </full-stacktrace>
          </exception> <!-- java.lang.AssertionError -->
          <reporter-output>
            <line>
              <![CDATA[ReportingAppender:  INFO    BaseTest#  52: start mathod [testCodeResponse]<br>]]>
            </line>
          </reporter-output>
        </test-method> <!-- testCodeResponse -->
        <test-method status="PASS" signature="addDashboard()[pri:1, instance:epam.rest.utenkov.BaseTest@10bdf5e5]" name="addDashboard" duration-ms="1031" started-at="2018-02-19T11:47:26Z" finished-at="2018-02-19T11:47:27Z">
          <reporter-output>
            <line>
              <![CDATA[ReportingAppender:  INFO    BaseTest#  65: start mathod [addDashboard]<br>]]>
            </line>
            <line>
              <![CDATA[ReportingAppender:  INFO    BaseTest#  79: ID of added dashboard: 5a8a8f1fb9d821000127f99f<br>]]>
            </line>
            <line>
              <![CDATA[ReportingAppender:  INFO    BaseTest#  80: end mathod [addDashboard]<br>]]>
            </line>
          </reporter-output>
        </test-method> <!-- addDashboard -->
        <test-method status="PASS" signature="receivingOfDashboards()[pri:2, instance:epam.rest.utenkov.BaseTest@10bdf5e5]" name="receivingOfDashboards" duration-ms="522" started-at="2018-02-19T11:47:27Z" finished-at="2018-02-19T11:47:28Z">
          <reporter-output>
            <line>
              <![CDATA[ReportingAppender:  INFO    BaseTest#  85: <br>********************<br>start mathod [receivingOfDashboards]<br>********************<br>]]>
            </line>
            <line>
              <![CDATA[ReportingAppender:  INFO    BaseTest#  97: Name is: DEMO DASHBOARD#RestAssured<br>Owner is: vyacheslav_utenkov<br>ID is: 5a757f4530c49e000171b2aa<br>]]>
            </line>
            <line>
              <![CDATA[ReportingAppender:  INFO    BaseTest#  99: Widgets [widgetPosition = [Ljava.lang.String;@2fc07784, widgetSize = [Ljava.lang.String;@353efdbf, widgetId = 5a757f4530c49e000171b2a1]<br>]]>
            </line>
            <line>
              <![CDATA[ReportingAppender:  INFO    BaseTest#  99: Widgets [widgetPosition = [Ljava.lang.String;@55cff952, widgetSize = [Ljava.lang.String;@660591fb, widgetId = 5a757f4530c49e000171b2a2]<br>]]>
            </line>
            <line>
              <![CDATA[ReportingAppender:  INFO    BaseTest#  99: Widgets [widgetPosition = [Ljava.lang.String;@4a55a6e8, widgetSize = [Ljava.lang.String;@8c46918, widgetId = 5a757f4530c49e000171b2a3]<br>]]>
            </line>
            <line>
              <![CDATA[ReportingAppender:  INFO    BaseTest#  99: Widgets [widgetPosition = [Ljava.lang.String;@226b143b, widgetSize = [Ljava.lang.String;@682bd3c4, widgetId = 5a757f4530c49e000171b2a4]<br>]]>
            </line>
            <line>
              <![CDATA[ReportingAppender:  INFO    BaseTest#  99: Widgets [widgetPosition = [Ljava.lang.String;@f2e4acf, widgetSize = [Ljava.lang.String;@24097e9b, widgetId = 5a757f4530c49e000171b2a5]<br>]]>
            </line>
            <line>
              <![CDATA[ReportingAppender:  INFO    BaseTest#  99: Widgets [widgetPosition = [Ljava.lang.String;@5eb97ced, widgetSize = [Ljava.lang.String;@68ba310d, widgetId = 5a757f4530c49e000171b2a6]<br>]]>
            </line>
            <line>
              <![CDATA[ReportingAppender:  INFO    BaseTest#  99: Widgets [widgetPosition = [Ljava.lang.String;@153f66e7, widgetSize = [Ljava.lang.String;@7aad3f7d, widgetId = 5a757f4530c49e000171b2a7]<br>]]>
            </line>
            <line>
              <![CDATA[ReportingAppender:  INFO    BaseTest#  99: Widgets [widgetPosition = [Ljava.lang.String;@6f667ad1, widgetSize = [Ljava.lang.String;@566d0c69, widgetId = 5a757f4530c49e000171b2a8]<br>]]>
            </line>
            <line>
              <![CDATA[ReportingAppender:  INFO    BaseTest#  99: Widgets [widgetPosition = [Ljava.lang.String;@388b401d, widgetSize = [Ljava.lang.String;@2bcec6a6, widgetId = 5a757f4530c49e000171b2a9]<br>]]>
            </line>
            <line>
              <![CDATA[ReportingAppender:  INFO    BaseTest#  99: Widgets [widgetPosition = [Ljava.lang.String;@151335cb, widgetSize = [Ljava.lang.String;@4a7761b1, widgetId = 5a868af7b9d821000154de2e]<br>]]>
            </line>
            <line>
              <![CDATA[ReportingAppender:  INFO    BaseTest#  97: Name is: NoName<br>Owner is: vyacheslav_utenkov<br>ID is: 5a8a8f1fb9d821000127f99f<br>]]>
            </line>
            <line>
              <![CDATA[ReportingAppender:  INFO    BaseTest# 103: end mathod [receivingOfDashboards]<br>]]>
            </line>
          </reporter-output>
        </test-method> <!-- receivingOfDashboards -->
        <test-method status="PASS" signature="allLaunchs()[pri:3, instance:epam.rest.utenkov.BaseTest@10bdf5e5]" name="allLaunchs" duration-ms="894" started-at="2018-02-19T11:47:28Z" finished-at="2018-02-19T11:47:29Z">
          <reporter-output>
            <line>
              <![CDATA[ReportingAppender:  INFO    BaseTest# 109: start mathod [allLaunchs]<br>]]>
            </line>
            <line>
              <![CDATA[ReportingAppender:  INFO    BaseTest# 138: 5a757f1330c49e0001714840<br> Total: 42<br>]]>
            </line>
            <line>
              <![CDATA[ReportingAppender:  INFO    BaseTest# 138: 5a757f1530c49e0001714c94<br> Total: 76<br>]]>
            </line>
            <line>
              <![CDATA[ReportingAppender:  INFO    BaseTest# 138: 5a757f1a30c49e00017155db<br> Total: 119<br>]]>
            </line>
            <line>
              <![CDATA[ReportingAppender:  INFO    BaseTest# 138: 5a757f2030c49e0001716304<br> Total: 131<br>]]>
            </line>
            <line>
              <![CDATA[ReportingAppender:  INFO    BaseTest# 138: 5a757f2730c49e0001717229<br> Total: 133<br>]]>
            </line>
            <line>
              <![CDATA[ReportingAppender:  INFO    BaseTest# 138: 5a757f2e30c49e0001718277<br> Total: 135<br>]]>
            </line>
            <line>
              <![CDATA[ReportingAppender:  INFO    BaseTest# 138: 5a757f3630c49e0001719210<br> Total: 137<br>]]>
            </line>
            <line>
              <![CDATA[ReportingAppender:  INFO    BaseTest# 138: 5a757f3e30c49e000171a22c<br> Total: 138<br>]]>
            </line>
            <line>
              <![CDATA[ReportingAppender:  INFO    BaseTest# 141: Num Of Failed Launches: 8<br>=============================<br>]]>
            </line>
            <line>
              <![CDATA[ReportingAppender:  INFO    BaseTest# 142: end mathod [allLaunchs]<br>]]>
            </line>
          </reporter-output>
        </test-method> <!-- allLaunchs -->
        <test-method status="PASS" signature="testPutRequest()[pri:4, instance:epam.rest.utenkov.BaseTest@10bdf5e5]" name="testPutRequest" duration-ms="512" started-at="2018-02-19T11:47:29Z" finished-at="2018-02-19T11:47:29Z">
          <reporter-output>
            <line>
              <![CDATA[ReportingAppender:  INFO    BaseTest# 147: start mathod [testPutRequest]<br>]]>
            </line>
            <line>
              <![CDATA[ReportingAppender:  INFO    BaseTest# 159: start mathod [testPutRequest]<br>]]>
            </line>
          </reporter-output>
        </test-method> <!-- testPutRequest -->
        <test-method status="PASS" signature="testDeleteRequest()[pri:5, instance:epam.rest.utenkov.BaseTest@10bdf5e5]" name="testDeleteRequest" duration-ms="505" started-at="2018-02-19T11:47:29Z" finished-at="2018-02-19T11:47:30Z">
          <reporter-output>
            <line>
              <![CDATA[ReportingAppender:  INFO    BaseTest# 164: start mathod [testDeleteRequest]<br>]]>
            </line>
            <line>
              <![CDATA[ReportingAppender:  INFO    BaseTest# 172: INFO: Dasboard 5a8a8f1fb9d821000127f99f is deleted<br>]]>
            </line>
            <line>
              <![CDATA[ReportingAppender:  INFO    BaseTest# 174: end mathod [testDeleteRequest]<br>]]>
            </line>
          </reporter-output>
        </test-method> <!-- testDeleteRequest -->
        <test-method status="PASS" signature="allLaunchsSecondTest()[pri:6, instance:epam.rest.utenkov.BaseTest@10bdf5e5]" name="allLaunchsSecondTest" duration-ms="631" started-at="2018-02-19T11:47:30Z" finished-at="2018-02-19T11:47:30Z">
          <reporter-output>
            <line>
              <![CDATA[ReportingAppender:  INFO    BaseTest# 180: start mathod [allLaunchsSecondTest]<br>]]>
            </line>
            <line>
              <![CDATA[ReportingAppender:  INFO    BaseTest# 197: 5a757f1130c49e00017145f9<br>]]>
            </line>
            <line>
              <![CDATA[ReportingAppender:  INFO    BaseTest# 197: 5a757f3e30c49e000171a22c<br>]]>
            </line>
            <line>
              <![CDATA[ReportingAppender:  INFO    BaseTest# 201: end mathod [allLaunchsSecondTest]<br>]]>
            </line>
          </reporter-output>
        </test-method> <!-- allLaunchsSecondTest -->
      </class> <!-- epam.rest.utenkov.BaseTest -->
    </test> <!-- Test -->
  </suite> <!-- Suite -->
</testng-results>
